<?xml version="1.0" encoding="UTF-8"?>
<con:testCase id="d6eb7412-e7dd-4e52-8e2b-d5390cc6296d" discardOkResults="false" failOnError="true" failTestCaseOnErrors="true" keepSession="false" name="Test Case 1" searchProperties="true" timeout="0" xmlns:con="http://eviware.com/soapui/config">
  <con:settings>
    <con:setting id="d6eb7412-e7dd-4e52-8e2b-d5390cc6296dfileName">Test-Case-1</con:setting>
  </con:settings>
  <con:properties/>
  <con:reportParameters/>
</con:testCase>
