<?xml version="1.0" encoding="UTF-8"?>
<con:testCase id="d6eb7412-e7dd-4e52-8e2b-d5390cc6296d" discardOkResults="false" failOnError="true" failTestCaseOnErrors="true" keepSession="false" name="Test Case 1" searchProperties="true" timeout="0" xmlns:con="http://eviware.com/soapui/config">
  <con:settings>
    <con:setting id="d6eb7412-e7dd-4e52-8e2b-d5390cc6296dfileName">Test-Case-1</con:setting>
  </con:settings>
  <con:properties/>
  <con:reportParameters/>
  <con:environmentSpec>
    <con:entry environmentId="359f9592-92b8-4782-9e0a-30ec59b1ae5a">
      <con:authProfile>Inherit From Parent</con:authProfile>
    </con:entry>
    <con:entry environmentId="aa4d56c4-4e85-4b90-9700-66af5a100817">
      <con:authProfile>Inherit From Parent</con:authProfile>
    </con:entry>
    <con:entry environmentId="541337b0-c6f7-463f-bdba-824b4f050119">
      <con:authProfile>Inherit From Parent</con:authProfile>
    </con:entry>
    <con:entry environmentId="bb4dcb85-8c5e-4939-886c-adcfb6488361">
      <con:authProfile>Inherit From Parent</con:authProfile>
    </con:entry>
    <con:entry environmentId="5798e577-c4f8-42fa-8769-7363888198d0">
      <con:authProfile>Inherit From Parent</con:authProfile>
    </con:entry>
    <con:entry environmentId="c9e92ed4-8add-4a14-968f-39f6854fb249">
      <con:authProfile>Inherit From Parent</con:authProfile>
    </con:entry>
  </con:environmentSpec>
</con:testCase>
