<?xml version="1.0" encoding="UTF-8"?>
<con:testCase id="b3d28850-0a36-4adf-a62f-82fc14696f80" discardOkResults="false" failOnError="true" failTestCaseOnErrors="true" keepSession="false" name="Test Case 1" searchProperties="true" timeout="0" xmlns:con="http://eviware.com/soapui/config">
  <con:settings>
    <con:setting id="b3d28850-0a36-4adf-a62f-82fc14696f80fileName">Test-Case-1</con:setting>
  </con:settings>
  <con:testStep type="restrequest" name="CreateCC" id="4eae9f95-edee-44af-9fec-efe49db31f82">
    <con:settings/>
    <con:config service="REST Service 14" methodName="POST" resourcePath="/vtps/rest/createCCStoredPayment" xsi:type="con:RestRequestStep" xmlns:xsi="http://www.w3.org/2001/XMLSchema-instance">
      <con:restRequest name="CreateCC" id="c9010b0d-db99-46ff-ae59-867b5135be3d" mediaType="application/json" postQueryString="false">
        <con:settings>
          <con:setting id="com.eviware.soapui.impl.wsdl.WsdlRequest@request-headers">&lt;xml-fragment>&lt;con:entry key="Authorization" value="Basic SW5Db250YWN0SVZSOlZlbG9jaXR5MTchMzM3" xmlns:con="http://eviware.com/soapui/config"/>&lt;con:entry key="content-type" value="application/json" xmlns:con="http://eviware.com/soapui/config"/>&lt;/xml-fragment></con:setting>
        </con:settings>
        <con:encoding>UTF-8</con:encoding>
        <con:endpoint>https://qa.velocitypayment.com</con:endpoint>
        <con:request>{\r
   "header" : {\r
      "clientAccountNumber" : "1235511183",\r
      "applicationID" : "609",\r
      "customerID" : "195"\r
   },\r
   "paymentMethod" : {\r
      "paymentMethodType" : "1",\r
      "pan" : "6011000000000004",\r
      "card_expiration" : "102028",\r
      "card_exmo" : "10",\r
      "card_exyr" : "2028"\r
   },\r
   "customerInformation" : {\r
      "firstName" : "Saurav",\r
      "lastName" : "Ganguly",\r
      "companyName" : "",\r
      "addressLine1" : "2311 york road",\r
      "city" : "Arlington",\r
      "state" : "VA",\r
      "zip" : "22201",\r
      "country" : "840"\r
   }\r
}</con:request>
        <con:originalUri>https://qa.velocitypayment.com/vtps/rest/createCCStoredPayment</con:originalUri>
        <con:assertion type="JsonPath Match" id="70234967-6c89-456a-8f20-f73bbac47268" name="Match content of [result]">
          <con:configuration>
            <path>$['result']</path>
            <content>${DataSource#Expresult}</content>
            <allowWildcards>false</allowWildcards>
            <ignoreNamspaceDifferences>false</ignoreNamspaceDifferences>
            <ignoreComments>false</ignoreComments>
          </con:configuration>
        </con:assertion>
        <con:assertion type="JsonPath Match" id="acab9e95-16d3-48f0-ac2f-9963c1007c88" name="Match content of [errorCode]">
          <con:configuration>
            <path>$['errorCode']</path>
            <content>${DataSource#ExperrorCode}</content>
            <allowWildcards>false</allowWildcards>
            <ignoreNamspaceDifferences>false</ignoreNamspaceDifferences>
            <ignoreComments>false</ignoreComments>
          </con:configuration>
        </con:assertion>
        <con:assertion type="JsonPath Match" id="e129c021-59f7-4a89-8f0d-b6bd1585f61c" name="Match content of [errorMessage]">
          <con:configuration>
            <path>$['errorMessage']</path>
            <content>${DataSource#ExperrorMessage}</content>
            <allowWildcards>false</allowWildcards>
            <ignoreNamspaceDifferences>false</ignoreNamspaceDifferences>
            <ignoreComments>false</ignoreComments>
          </con:configuration>
        </con:assertion>
        <con:credentials>
          <con:selectedAuthProfile>Inherit From Parent</con:selectedAuthProfile>
          <con:authType>No Authorization</con:authType>
        </con:credentials>
        <con:jmsConfig JMSDeliveryMode="PERSISTENT"/>
        <con:jmsPropertyConfig/>
        <con:parameters/>
        <con:environmentSpec>
          <con:entry environmentId="359f9592-92b8-4782-9e0a-30ec59b1ae5a">
            <con:authProfile>Inherit From Parent</con:authProfile>
          </con:entry>
          <con:entry environmentId="aa4d56c4-4e85-4b90-9700-66af5a100817">
            <con:authProfile>Inherit From Parent</con:authProfile>
          </con:entry>
          <con:entry environmentId="541337b0-c6f7-463f-bdba-824b4f050119">
            <con:authProfile>Inherit From Parent</con:authProfile>
          </con:entry>
          <con:entry environmentId="bb4dcb85-8c5e-4939-886c-adcfb6488361">
            <con:authProfile>Inherit From Parent</con:authProfile>
          </con:entry>
          <con:entry environmentId="5798e577-c4f8-42fa-8769-7363888198d0">
            <con:authProfile>Inherit From Parent</con:authProfile>
          </con:entry>
          <con:entry environmentId="c9e92ed4-8add-4a14-968f-39f6854fb249">
            <con:authProfile>Inherit From Parent</con:authProfile>
          </con:entry>
        </con:environmentSpec>
      </con:restRequest>
    </con:config>
  </con:testStep>
  <con:properties/>
  <con:reportParameters/>
  <con:environmentSpec>
    <con:entry environmentId="359f9592-92b8-4782-9e0a-30ec59b1ae5a">
      <con:authProfile>Inherit From Parent</con:authProfile>
    </con:entry>
    <con:entry environmentId="aa4d56c4-4e85-4b90-9700-66af5a100817">
      <con:authProfile>Inherit From Parent</con:authProfile>
    </con:entry>
    <con:entry environmentId="541337b0-c6f7-463f-bdba-824b4f050119">
      <con:authProfile>Inherit From Parent</con:authProfile>
    </con:entry>
    <con:entry environmentId="bb4dcb85-8c5e-4939-886c-adcfb6488361">
      <con:authProfile>Inherit From Parent</con:authProfile>
    </con:entry>
    <con:entry environmentId="5798e577-c4f8-42fa-8769-7363888198d0">
      <con:authProfile>Inherit From Parent</con:authProfile>
    </con:entry>
    <con:entry environmentId="c9e92ed4-8add-4a14-968f-39f6854fb249">
      <con:authProfile>Inherit From Parent</con:authProfile>
    </con:entry>
  </con:environmentSpec>
</con:testCase>
