<?xml version="1.0" encoding="UTF-8"?>
<con:testCase id="b3d28850-0a36-4adf-a62f-82fc14696f80" discardOkResults="false" failOnError="true" failTestCaseOnErrors="true" keepSession="false" name="Test Case 1" searchProperties="true" timeout="0" xmlns:con="http://eviware.com/soapui/config">
  <con:settings>
    <con:setting id="b3d28850-0a36-4adf-a62f-82fc14696f80fileName">Test-Case-1</con:setting>
  </con:settings>
  <con:properties/>
  <con:reportParameters/>
</con:testCase>
