<?xml version="1.0" encoding="UTF-8"?>
<con:testCase id="57665033-cde1-4221-9e54-8dacd610f7e9" discardOkResults="false" failOnError="true" failTestCaseOnErrors="true" keepSession="false" name="Test Case 1" searchProperties="true" timeout="0" xmlns:con="http://eviware.com/soapui/config">
  <con:settings>
    <con:setting id="57665033-cde1-4221-9e54-8dacd610f7e9fileName">Test-Case-1</con:setting>
  </con:settings>
  <con:properties/>
  <con:reportParameters/>
</con:testCase>
