<?xml version="1.0" encoding="UTF-8"?>
<con:testCase xmlns:con="http://eviware.com/soapui/config" id="57665033-cde1-4221-9e54-8dacd610f7e9" discardOkResults="false" failOnError="true" failTestCaseOnErrors="true" keepSession="false" name="Test Case 1" searchProperties="true" timeout="0">
  <con:settings id="d879f900-24bb-4da5-a83f-00e34e12c277">
    <con:setting id="57665033-cde1-4221-9e54-8dacd610f7e9fileName">Test-Case-1</con:setting>
  </con:settings>
  <con:properties/>
  <con:reportParameters/>
  <con:environmentSpec>
    <con:entry environmentId="aa4d56c4-4e85-4b90-9700-66af5a100817">
      <con:authProfile>Inherit From Parent</con:authProfile>
    </con:entry>
    <con:entry environmentId="541337b0-c6f7-463f-bdba-824b4f050119">
      <con:authProfile>Inherit From Parent</con:authProfile>
    </con:entry>
    <con:entry environmentId="bb4dcb85-8c5e-4939-886c-adcfb6488361">
      <con:authProfile>Inherit From Parent</con:authProfile>
    </con:entry>
    <con:entry environmentId="5798e577-c4f8-42fa-8769-7363888198d0">
      <con:authProfile>Inherit From Parent</con:authProfile>
    </con:entry>
    <con:entry environmentId="c9e92ed4-8add-4a14-968f-39f6854fb249">
      <con:authProfile>Inherit From Parent</con:authProfile>
    </con:entry>
  </con:environmentSpec>
</con:testCase>
